<?xml version="1.0" encoding="UTF-8"?>
<robot generator="Robot 7.0.1 (Python 3.12.4 on win32)" generated="2024-10-16T17:32:04.155085" rpa="false" schemaversion="5">
<suite id="s1" name="Tests" source="C:\Users\mraut\OneDrive\Documents\RobotFramework-DemoTests\AutomatedTests4ECommerce\automationpractice_tests\Tests\Tests.robot">
<kw name="Begin Web Test" owner="Common" type="SETUP">
<kw name="Select Browser" owner="Common">
<kw name="Get Selection From User" owner="Dialogs">
<msg time="2024-10-16T17:32:06.697245" level="INFO">${browser} = chrome</msg>
<var>${browser}</var>
<arg>Select a browser</arg>
<arg>firefox</arg>
<arg>edge</arg>
<arg>chrome</arg>
<doc>Pauses execution and asks user to select a value.</doc>
<status status="PASS" start="2024-10-16T17:32:04.534614" elapsed="2.162631"/>
</kw>
<kw name="Set Global Variable" owner="BuiltIn">
<msg time="2024-10-16T17:32:06.698246" level="INFO">${BROWSER} = chrome</msg>
<arg>${BROWSER}</arg>
<arg>${browser}</arg>
<doc>Makes a variable available globally in all tests and suites.</doc>
<status status="PASS" start="2024-10-16T17:32:06.698246" elapsed="0.000000"/>
</kw>
<status status="PASS" start="2024-10-16T17:32:04.533610" elapsed="2.165633"/>
</kw>
<status status="PASS" start="2024-10-16T17:32:04.532587" elapsed="2.166656"/>
</kw>
<test id="s1-t1" name="New User Should Be Able To Create An Account" line="14">
<kw name="Begin Test Case" owner="Common" type="SETUP">
<kw name="Open Page" owner="Home">
<kw name="Open Browser" owner="SeleniumLibrary">
<msg time="2024-10-16T17:32:06.701245" level="INFO">Opening browser 'chrome' to base url 'http://www.automationpractice.pl/index.php'.</msg>
<arg>${URL}</arg>
<arg>${BROWSER}</arg>
<doc>Opens a new browser instance to the optional ``url``.</doc>
<status status="PASS" start="2024-10-16T17:32:06.701245" elapsed="4.446106"/>
</kw>
<status status="PASS" start="2024-10-16T17:32:06.700242" elapsed="4.447109"/>
</kw>
<kw name="Verify Load" owner="Home">
<kw name="Run Keyword And Return Status" owner="BuiltIn">
<kw name="Wait Until Page Contains Element" owner="SeleniumLibrary">
<arg>${HOMEPAGE_SLIDER}</arg>
<doc>Waits until the element ``locator`` appears on the current page.</doc>
<status status="PASS" start="2024-10-16T17:32:11.149349" elapsed="0.016065"/>
</kw>
<msg time="2024-10-16T17:32:11.165414" level="INFO">${passed} = True</msg>
<var>${passed}</var>
<arg>Wait Until Page Contains Element</arg>
<arg>${HOMEPAGE_SLIDER}</arg>
<doc>Runs the given keyword with given arguments and returns the status as a Boolean value.</doc>
<status status="PASS" start="2024-10-16T17:32:11.148352" elapsed="0.017062"/>
</kw>
<kw name="Run Keyword If" owner="BuiltIn">
<arg>'${passed}' == 'false'</arg>
<arg>Exit For Suite</arg>
<arg>Failed to load the homepage</arg>
<doc>Runs the given keyword with the given arguments, if ``condition`` is true.</doc>
<status status="PASS" start="2024-10-16T17:32:11.166447" elapsed="0.000000"/>
</kw>
<status status="PASS" start="2024-10-16T17:32:11.148352" elapsed="0.018095"/>
</kw>
<kw name="Maximize Browser Window" owner="SeleniumLibrary">
<doc>Maximizes current browser window.</doc>
<status status="PASS" start="2024-10-16T17:32:11.166447" elapsed="0.049049"/>
</kw>
<status status="PASS" start="2024-10-16T17:32:06.700242" elapsed="4.515254"/>
</kw>
<kw name="Generate User Information" owner="Common">
<kw name="Generate Random Email" owner="RandomRegistration">
<msg time="2024-10-16T17:32:11.217509" level="INFO">${USER_INFORMATION.EMAIL} = ZgdRdfPzYCbkXPElaBSh@reindeer.fi</msg>
<var>${USER_INFORMATION.EMAIL}</var>
<status status="PASS" start="2024-10-16T17:32:11.217509" elapsed="0.000000"/>
</kw>
<kw name="Generate Random String" owner="RandomRegistration">
<msg time="2024-10-16T17:32:11.218506" level="INFO">${USER_INFORMATION.FIRSTNAME} = UwetaiNlQiAXKwqVrRch</msg>
<var>${USER_INFORMATION.FIRSTNAME}</var>
<status status="PASS" start="2024-10-16T17:32:11.218506" elapsed="0.000000"/>
</kw>
<kw name="Generate Random String" owner="RandomRegistration">
<msg time="2024-10-16T17:32:11.218506" level="INFO">${USER_INFORMATION.LASTNAME} = IbbSigneAwswKYpNplQP</msg>
<var>${USER_INFORMATION.LASTNAME}</var>
<status status="PASS" start="2024-10-16T17:32:11.218506" elapsed="0.000000"/>
</kw>
<kw name="Generate Random String" owner="RandomRegistration">
<msg time="2024-10-16T17:32:11.219508" level="INFO">${USER_INFORMATION.PASSWORD} = yrToEayuMVdBASwegenJ</msg>
<var>${USER_INFORMATION.PASSWORD}</var>
<status status="PASS" start="2024-10-16T17:32:11.218506" elapsed="0.001002"/>
</kw>
<kw name="Generate Random String" owner="RandomRegistration">
<msg time="2024-10-16T17:32:11.219508" level="INFO">${USER_INFORMATION.ADDRESS} = SqczFnJNjjDUdsccZWDw</msg>
<var>${USER_INFORMATION.ADDRESS}</var>
<status status="PASS" start="2024-10-16T17:32:11.219508" elapsed="0.000000"/>
</kw>
<kw name="Generate Random String" owner="RandomRegistration">
<msg time="2024-10-16T17:32:11.220510" level="INFO">${USER_INFORMATION.CITY} = QBcVTLqfMSexOcSFTfNN</msg>
<var>${USER_INFORMATION.CITY}</var>
<status status="PASS" start="2024-10-16T17:32:11.219508" elapsed="0.001002"/>
</kw>
<status status="PASS" start="2024-10-16T17:32:11.216594" elapsed="0.003916"/>
</kw>
<kw name="Begin Account Creation" owner="TestApp">
<kw name="Navigate To" owner="NavBar">
<kw name="Wait Until Element Is Enabled" owner="SeleniumLibrary">
<arg>${bar_element}</arg>
<doc>Waits until the element ``locator`` is enabled.</doc>
<status status="PASS" start="2024-10-16T17:32:11.221506" elapsed="0.053206"/>
</kw>
<kw name="Click Element" owner="SeleniumLibrary">
<msg time="2024-10-16T17:32:11.275237" level="INFO">Clicking element 'xpath=//a[contains(text(),'Sign in')]'.</msg>
<arg>${bar_element}</arg>
<doc>Click the element identified by ``locator``.</doc>
<status status="PASS" start="2024-10-16T17:32:11.275237" elapsed="0.614970"/>
</kw>
<arg>${SIGN_IN_LINK}</arg>
<status status="PASS" start="2024-10-16T17:32:11.221506" elapsed="0.669702"/>
</kw>
<kw name="Verify Page Loaded" owner="SignIn">
<kw name="Wait Until Page Contains Element" owner="SeleniumLibrary">
<arg>${AUTHENTICATION_MAIN_HEADING}</arg>
<doc>Waits until the element ``locator`` appears on the current page.</doc>
<status status="PASS" start="2024-10-16T17:32:11.892209" elapsed="0.015122"/>
</kw>
<status status="PASS" start="2024-10-16T17:32:11.891208" elapsed="0.016123"/>
</kw>
<kw name="Fill Create An Account &quot;Email address&quot; Filed" owner="SignIn">
<kw name="Input Text" owner="SeleniumLibrary">
<msg time="2024-10-16T17:32:11.908352" level="INFO">Typing text 'ZgdRdfPzYCbkXPElaBSh@reindeer.fi' into text field 'xpath=//input[@id='email_create']'.</msg>
<arg>${CREATE_EMAIL_FIELD}</arg>
<arg>${email}</arg>
<doc>Types the given ``text`` into the text field identified by ``locator``.</doc>
<status status="PASS" start="2024-10-16T17:32:11.908352" elapsed="0.183068"/>
</kw>
<arg>${USER_INFORMATION.EMAIL}</arg>
<status status="PASS" start="2024-10-16T17:32:11.907331" elapsed="0.184089"/>
</kw>
<kw name="Click &quot;Create an account&quot; Button" owner="SignIn">
<kw name="Click Button" owner="SeleniumLibrary">
<msg time="2024-10-16T17:32:12.092417" level="INFO">Clicking button 'xpath=//button[@id='SubmitCreate']'.</msg>
<arg>${CREATE_ACCOUNT_BUTTON}</arg>
<doc>Clicks the button identified by ``locator``.</doc>
<status status="PASS" start="2024-10-16T17:32:12.091420" elapsed="0.105229"/>
</kw>
<status status="PASS" start="2024-10-16T17:32:12.091420" elapsed="0.105229"/>
</kw>
<kw name="Verify Page Loaded" owner="CreateAccount">
<kw name="Wait Until Page Contains Element" owner="SeleniumLibrary">
<arg>${REGISTRATION_FORM_HEADER}</arg>
<doc>Waits until the element ``locator`` appears on the current page.</doc>
<status status="PASS" start="2024-10-16T17:32:12.197647" elapsed="1.062943"/>
</kw>
<status status="PASS" start="2024-10-16T17:32:12.197647" elapsed="1.062943"/>
</kw>
<status status="PASS" start="2024-10-16T17:32:11.220510" elapsed="2.040080"/>
</kw>
<kw name="Fill In User Information" owner="TestApp">
<kw name="Select &quot;Title&quot;" owner="CreateAccount">
<kw name="Click Element" owner="SeleniumLibrary">
<msg time="2024-10-16T17:32:13.262589" level="INFO">Clicking element 'id=id_gender1'.</msg>
<arg>${locator}</arg>
<doc>Click the element identified by ``locator``.</doc>
<status status="PASS" start="2024-10-16T17:32:13.262589" elapsed="0.056865"/>
</kw>
<arg>${Title_MR}</arg>
<status status="PASS" start="2024-10-16T17:32:13.261589" elapsed="0.057865"/>
</kw>
<kw name="Fill &quot;First name&quot; Field" owner="CreateAccount">
<kw name="Input Text" owner="SeleniumLibrary">
<msg time="2024-10-16T17:32:13.321454" level="INFO">Typing text 'UwetaiNlQiAXKwqVrRch' into text field 'id=customer_firstname'.</msg>
<arg>${FIRSTNAME_FIELD}</arg>
<arg>${first_name}</arg>
<doc>Types the given ``text`` into the text field identified by ``locator``.</doc>
<status status="PASS" start="2024-10-16T17:32:13.321454" elapsed="0.151052"/>
</kw>
<arg>${USER_INFORMATION.FIRSTNAME}</arg>
<status status="PASS" start="2024-10-16T17:32:13.319454" elapsed="0.153052"/>
</kw>
<kw name="Fill &quot;Last name&quot; Field" owner="CreateAccount">
<kw name="Input Text" owner="SeleniumLibrary">
<msg time="2024-10-16T17:32:13.475422" level="INFO">Typing text 'IbbSigneAwswKYpNplQP' into text field 'id=customer_lastname'.</msg>
<arg>${LASTNAME_FIELD}</arg>
<arg>${last_name}</arg>
<doc>Types the given ``text`` into the text field identified by ``locator``.</doc>
<status status="PASS" start="2024-10-16T17:32:13.475422" elapsed="0.161870"/>
</kw>
<arg>${USER_INFORMATION.LASTNAME}</arg>
<status status="PASS" start="2024-10-16T17:32:13.473899" elapsed="0.163393"/>
</kw>
<kw name="Fill &quot;Password&quot; Field" owner="CreateAccount">
<kw name="Input Text" owner="SeleniumLibrary">
<msg time="2024-10-16T17:32:13.639292" level="INFO">Typing text 'yrToEayuMVdBASwegenJ' into text field 'id=passwd'.</msg>
<arg>${PASSWORD_FIELD}</arg>
<arg>${password}</arg>
<doc>Types the given ``text`` into the text field identified by ``locator``.</doc>
<status status="PASS" start="2024-10-16T17:32:13.639292" elapsed="0.203820"/>
</kw>
<arg>${USER_INFORMATION.PASSWORD}</arg>
<status status="PASS" start="2024-10-16T17:32:13.637292" elapsed="0.207339"/>
</kw>
<kw name="Select &quot;Date Of Birth&quot;" owner="CreateAccount">
<kw name="Select From List By Value" owner="SeleniumLibrary">
<msg time="2024-10-16T17:32:13.847308" level="INFO">Selecting options from selection list 'id=days' by value 1.</msg>
<arg>${BIRTHDAY_SELECTOR}</arg>
<arg>${day}</arg>
<doc>Selects options from selection list ``locator`` by ``values``.</doc>
<status status="PASS" start="2024-10-16T17:32:13.847308" elapsed="0.097338"/>
</kw>
<kw name="Select From List By Value" owner="SeleniumLibrary">
<msg time="2024-10-16T17:32:13.944646" level="INFO">Selecting options from selection list 'id=months' by value 1.</msg>
<arg>${BIRTH_MONTH_SELECTOR}</arg>
<arg>${month}</arg>
<doc>Selects options from selection list ``locator`` by ``values``.</doc>
<status status="PASS" start="2024-10-16T17:32:13.944646" elapsed="0.080912"/>
</kw>
<kw name="Select From List By Value" owner="SeleniumLibrary">
<msg time="2024-10-16T17:32:14.026021" level="INFO">Selecting options from selection list 'id=years' by value 2000.</msg>
<arg>${BIRTH_YEAR_SELECTOR}</arg>
<arg>${year}</arg>
<doc>Selects options from selection list ``locator`` by ``values``.</doc>
<status status="PASS" start="2024-10-16T17:32:14.026021" elapsed="0.083411"/>
</kw>
<arg>${USER_INFORMATION.BIRTHDAY}</arg>
<arg>${USER_INFORMATION.BIRTH_MONTH}</arg>
<arg>${USER_INFORMATION.BIRTH_YEAR}</arg>
<status status="PASS" start="2024-10-16T17:32:13.844631" elapsed="0.264801"/>
</kw>
<status status="PASS" start="2024-10-16T17:32:13.261589" elapsed="0.848115"/>
</kw>
<kw name="Submit User Information Form" owner="TestApp">
<kw name="Click &quot;Register&quot; Button" owner="CreateAccount">
<kw name="Click Button" owner="SeleniumLibrary">
<msg time="2024-10-16T17:32:14.110736" level="INFO">Clicking button 'id=submitAccount'.</msg>
<arg>${REGISTER_BUTTON}</arg>
<doc>Clicks the button identified by ``locator``.</doc>
<status status="PASS" start="2024-10-16T17:32:14.110736" elapsed="1.764381"/>
</kw>
<status status="PASS" start="2024-10-16T17:32:14.109704" elapsed="1.765413"/>
</kw>
<kw name="Success Message Should Be Visible" owner="MyAccount">
<kw name="Wait Until Page Contains Element" owner="SeleniumLibrary">
<arg>${ACCOUNT_CREATION_SUCCESS_MESSAGE}</arg>
<doc>Waits until the element ``locator`` appears on the current page.</doc>
<status status="PASS" start="2024-10-16T17:32:15.876640" elapsed="0.017040"/>
</kw>
<status status="PASS" start="2024-10-16T17:32:15.875629" elapsed="0.018051"/>
</kw>
<status status="PASS" start="2024-10-16T17:32:14.109704" elapsed="1.783976"/>
</kw>
<kw name="Sign Out" owner="TestApp">
<kw name="Navigate To" owner="NavBar">
<kw name="Wait Until Element Is Enabled" owner="SeleniumLibrary">
<arg>${bar_element}</arg>
<doc>Waits until the element ``locator`` is enabled.</doc>
<status status="PASS" start="2024-10-16T17:32:15.895190" elapsed="0.033348"/>
</kw>
<kw name="Click Element" owner="SeleniumLibrary">
<msg time="2024-10-16T17:32:15.928538" level="INFO">Clicking element 'xpath=//a[@class='logout']'.</msg>
<arg>${bar_element}</arg>
<doc>Click the element identified by ``locator``.</doc>
<status status="PASS" start="2024-10-16T17:32:15.928538" elapsed="2.515065"/>
</kw>
<arg>${SIGN_OUT_LINK}</arg>
<status status="PASS" start="2024-10-16T17:32:15.895190" elapsed="2.548413"/>
</kw>
<kw name="Verify Page Loaded" owner="SignIn">
<kw name="Wait Until Page Contains Element" owner="SeleniumLibrary">
<arg>${AUTHENTICATION_MAIN_HEADING}</arg>
<doc>Waits until the element ``locator`` appears on the current page.</doc>
<status status="PASS" start="2024-10-16T17:32:18.444605" elapsed="0.021698"/>
</kw>
<status status="PASS" start="2024-10-16T17:32:18.443603" elapsed="0.022700"/>
</kw>
<status status="PASS" start="2024-10-16T17:32:15.894682" elapsed="2.571621"/>
</kw>
<kw name="End Test Case" owner="Common" type="TEARDOWN">
<kw name="Close Browser" owner="SeleniumLibrary">
<doc>Closes the current browser.</doc>
<status status="PASS" start="2024-10-16T17:32:18.467324" elapsed="2.165502"/>
</kw>
<status status="PASS" start="2024-10-16T17:32:18.467324" elapsed="2.166523"/>
</kw>
<tag>0001</tag>
<tag>Add</tag>
<tag>Checkout</tag>
<tag>Login</tag>
<tag>Remove</tag>
<tag>Search</tag>
<status status="PASS" start="2024-10-16T17:32:06.699243" elapsed="13.935112"/>
</test>
<kw name="End Web Test" owner="Common" type="TEARDOWN">
<kw name="Close All Browsers" owner="SeleniumLibrary">
<doc>Closes all open browsers and resets the browser cache.</doc>
<status status="PASS" start="2024-10-16T17:32:20.635880" elapsed="0.000000"/>
</kw>
<status status="PASS" start="2024-10-16T17:32:20.635880" elapsed="0.001010"/>
</kw>
<status status="PASS" start="2024-10-16T17:32:04.156601" elapsed="16.480289"/>
</suite>
<statistics>
<total>
<stat pass="1" fail="0" skip="0">All Tests</stat>
</total>
<tag>
<stat pass="1" fail="0" skip="0">0001</stat>
<stat pass="1" fail="0" skip="0">Add</stat>
<stat pass="1" fail="0" skip="0">Checkout</stat>
<stat pass="1" fail="0" skip="0">Login</stat>
<stat pass="1" fail="0" skip="0">Remove</stat>
<stat pass="1" fail="0" skip="0">Search</stat>
</tag>
<suite>
<stat pass="1" fail="0" skip="0" id="s1" name="Tests">Tests</stat>
</suite>
</statistics>
<errors>
</errors>
</robot>
