<?xml version="1.0" encoding="UTF-8"?>
<robot generator="Robot 7.0.1 (Python 3.12.4 on win32)" generated="2024-10-21T20:16:08.384058" rpa="false" schemaversion="5">
<suite id="s1" name="Login" source="C:\Users\mraut\OneDrive\Documents\RobotFramework-DemoTests\AutomatedTests4ECommerce\DataDrivenLogin\CSV_Method\Tests\Login.robot">
<kw name="Begin Web Test" owner="Common" type="SETUP">
<kw name="Select Browser" owner="Common">
<kw name="Get Selection From User" owner="Dialogs">
<msg time="2024-10-21T20:16:12.357298" level="INFO">${browser} = firefox</msg>
<var>${browser}</var>
<arg>Select a browser</arg>
<arg>firefox</arg>
<arg>edge</arg>
<arg>chrome</arg>
<doc>Pauses execution and asks user to select a value.</doc>
<status status="PASS" start="2024-10-21T20:16:08.542196" elapsed="3.815102"/>
</kw>
<kw name="Set Global Variable" owner="BuiltIn">
<msg time="2024-10-21T20:16:12.357298" level="INFO">${BROWSER} = firefox</msg>
<arg>${BROWSER}</arg>
<arg>${browser}</arg>
<doc>Makes a variable available globally in all tests and suites.</doc>
<status status="PASS" start="2024-10-21T20:16:12.357298" elapsed="0.000000"/>
</kw>
<status status="PASS" start="2024-10-21T20:16:08.542196" elapsed="3.815102"/>
</kw>
<status status="PASS" start="2024-10-21T20:16:08.542196" elapsed="3.816101"/>
</kw>
<test id="s1-t1" name="Login scenarios should display correct messages" line="15">
<kw name="Get csv data" owner="DataManager">
<kw name="Read Csv File" owner="Csv">
<msg time="2024-10-21T20:16:12.359296" level="INFO">${data} = [['Toljanteri', 'Toljanteri99', "xpath=//div[1]/p[text()='Invalid credentials']", 'Invalid credentials'], ['Admin', 'wrong', "xpath=//div[1]/p[text()='Invalid credentials']", 'Invalid credentials'], [...</msg>
<var>${data}</var>
<arg>${filepath}</arg>
<status status="PASS" start="2024-10-21T20:16:12.358297" elapsed="0.000999"/>
</kw>
<return>
<value>${data}</value>
<status status="PASS" start="2024-10-21T20:16:12.359296" elapsed="0.000000"/>
</return>
<msg time="2024-10-21T20:16:12.359296" level="INFO">${LoginScenarios} = [['Toljanteri', 'Toljanteri99', "xpath=//div[1]/p[text()='Invalid credentials']", 'Invalid credentials'], ['Admin', 'wrong', "xpath=//div[1]/p[text()='Invalid credentials']", 'Invalid credentials'], [...</msg>
<var>${LoginScenarios}</var>
<arg>${CREDENTIALS_PATH_CSV}</arg>
<status status="PASS" start="2024-10-21T20:16:12.358297" elapsed="0.000999"/>
</kw>
<kw name="Login with multiple credentials" owner="LoginApp">
<for flavor="IN">
<iter>
<kw name="Begin Test Case" owner="Common">
<kw name="Navigate to" owner="LoginPage">
<kw name="Open Browser" owner="SeleniumLibrary">
<msg time="2024-10-21T20:16:12.361296" level="INFO">Opening browser 'firefox' to base url 'https://opensource-demo.orangehrmlive.com/web/index.php/auth/login'.</msg>
<arg>${LOGIN_URL}</arg>
<arg>${BROWSER}</arg>
<doc>Opens a new browser instance to the optional ``url``.</doc>
<status status="PASS" start="2024-10-21T20:16:12.360295" elapsed="9.327686"/>
</kw>
<kw name="Wait Until Page Contains Element" owner="SeleniumLibrary">
<arg>${LOGIN_PAGE_HEADER}</arg>
<doc>Waits until the element ``locator`` appears on the current page.</doc>
<status status="PASS" start="2024-10-21T20:16:21.687981" elapsed="0.237870"/>
</kw>
<status status="PASS" start="2024-10-21T20:16:12.360295" elapsed="9.565556"/>
</kw>
<kw name="Maximize Browser Window" owner="SeleniumLibrary">
<doc>Maximizes current browser window.</doc>
<status status="PASS" start="2024-10-21T20:16:21.926851" elapsed="0.261762"/>
</kw>
<status status="PASS" start="2024-10-21T20:16:12.360295" elapsed="9.828318"/>
</kw>
<kw name="Run Keyword And Continue On Failure" owner="BuiltIn">
<kw name="Attempt login with current credentials" owner="LoginPage">
<kw name="Fill in user credentials" owner="LoginPage">
<kw name="Input Text" owner="SeleniumLibrary">
<msg time="2024-10-21T20:16:22.189611" level="INFO">Typing text 'Toljanteri' into text field 'xpath=//input[@name="username"]'.</msg>
<arg>${LOGIN_USERNAME_FIELD}</arg>
<arg>${username}</arg>
<doc>Types the given ``text`` into the text field identified by ``locator``.</doc>
<status status="PASS" start="2024-10-21T20:16:22.189611" elapsed="0.021006"/>
</kw>
<kw name="Input Text" owner="SeleniumLibrary">
<msg time="2024-10-21T20:16:22.210617" level="INFO">Typing text 'Toljanteri99' into text field 'xpath=//input[@name="password"]'.</msg>
<arg>${LOGIN_PASSWORD_FIELD}</arg>
<arg>${password}</arg>
<doc>Types the given ``text`` into the text field identified by ``locator``.</doc>
<status status="PASS" start="2024-10-21T20:16:22.210617" elapsed="0.009688"/>
</kw>
<arg>${credentials[0]}</arg>
<arg>${credentials[1]}</arg>
<status status="PASS" start="2024-10-21T20:16:22.188613" elapsed="0.032694"/>
</kw>
<kw name="Click &quot;Login&quot; button" owner="LoginPage">
<kw name="Click Button" owner="SeleniumLibrary">
<msg time="2024-10-21T20:16:22.221307" level="INFO">Clicking button 'xpath=//button[@type='submit']'.</msg>
<arg>${LOGIN_BUTTON}</arg>
<doc>Clicks the button identified by ``locator``.</doc>
<status status="PASS" start="2024-10-21T20:16:22.221307" elapsed="0.501398"/>
</kw>
<status status="PASS" start="2024-10-21T20:16:22.221307" elapsed="0.501398"/>
</kw>
<arg>${login_scenario}</arg>
<status status="PASS" start="2024-10-21T20:16:22.188613" elapsed="0.534092"/>
</kw>
<arg>LoginPage.Attempt login with current credentials</arg>
<arg>${login_scenario}</arg>
<doc>Runs the keyword and continues execution even if a failure occurs.</doc>
<status status="PASS" start="2024-10-21T20:16:22.188613" elapsed="0.534092"/>
</kw>
<kw name="Run Keyword And Continue On Failure" owner="BuiltIn">
<kw name="Verify login success" owner="LoginPage">
<kw name="Verify expected message appears" owner="LoginPage">
<kw name="Wait Until Page Contains Element" owner="SeleniumLibrary">
<arg>${locator}</arg>
<doc>Waits until the element ``locator`` appears on the current page.</doc>
<status status="PASS" start="2024-10-21T20:16:22.723706" elapsed="0.209927"/>
</kw>
<kw name="Get Text" owner="SeleniumLibrary">
<msg time="2024-10-21T20:16:22.941629" level="INFO">${message} = Invalid credentials</msg>
<var>${message}</var>
<arg>${locator}</arg>
<doc>Returns the text value of the element identified by ``locator``.</doc>
<status status="PASS" start="2024-10-21T20:16:22.934630" elapsed="0.006999"/>
</kw>
<kw name="Should Be Equal As Strings" owner="BuiltIn">
<arg>${message}</arg>
<arg>${expected_message}</arg>
<doc>Fails if objects are unequal after converting them to strings.</doc>
<status status="PASS" start="2024-10-21T20:16:22.941629" elapsed="0.000000"/>
</kw>
<arg>${credentials[2]}</arg>
<arg>${credentials[3]}</arg>
<status status="PASS" start="2024-10-21T20:16:22.723706" elapsed="0.217923"/>
</kw>
<arg>${login_scenario}</arg>
<status status="PASS" start="2024-10-21T20:16:22.722705" elapsed="0.219923"/>
</kw>
<arg>LoginPage.Verify login success</arg>
<arg>${login_scenario}</arg>
<doc>Runs the keyword and continues execution even if a failure occurs.</doc>
<status status="PASS" start="2024-10-21T20:16:22.722705" elapsed="0.219923"/>
</kw>
<kw name="End Test Case" owner="Common">
<kw name="Close Browser" owner="SeleniumLibrary">
<doc>Closes the current browser.</doc>
<status status="PASS" start="2024-10-21T20:16:22.942628" elapsed="2.781803"/>
</kw>
<status status="PASS" start="2024-10-21T20:16:22.942628" elapsed="2.781803"/>
</kw>
<var name="${login_scenario}">['Toljanteri', 'Toljanteri99', "xpath=//div[1]/p[text()='Invalid credentials']", 'Invalid credentials']</var>
<status status="PASS" start="2024-10-21T20:16:12.360295" elapsed="13.364136"/>
</iter>
<iter>
<kw name="Begin Test Case" owner="Common">
<kw name="Navigate to" owner="LoginPage">
<kw name="Open Browser" owner="SeleniumLibrary">
<msg time="2024-10-21T20:16:25.725431" level="INFO">Opening browser 'firefox' to base url 'https://opensource-demo.orangehrmlive.com/web/index.php/auth/login'.</msg>
<arg>${LOGIN_URL}</arg>
<arg>${BROWSER}</arg>
<doc>Opens a new browser instance to the optional ``url``.</doc>
<status status="PASS" start="2024-10-21T20:16:25.725431" elapsed="7.545356"/>
</kw>
<kw name="Wait Until Page Contains Element" owner="SeleniumLibrary">
<arg>${LOGIN_PAGE_HEADER}</arg>
<doc>Waits until the element ``locator`` appears on the current page.</doc>
<status status="PASS" start="2024-10-21T20:16:33.270787" elapsed="0.251113"/>
</kw>
<status status="PASS" start="2024-10-21T20:16:25.724431" elapsed="7.797469"/>
</kw>
<kw name="Maximize Browser Window" owner="SeleniumLibrary">
<doc>Maximizes current browser window.</doc>
<status status="PASS" start="2024-10-21T20:16:33.521900" elapsed="0.270417"/>
</kw>
<status status="PASS" start="2024-10-21T20:16:25.724431" elapsed="8.067886"/>
</kw>
<kw name="Run Keyword And Continue On Failure" owner="BuiltIn">
<kw name="Attempt login with current credentials" owner="LoginPage">
<kw name="Fill in user credentials" owner="LoginPage">
<kw name="Input Text" owner="SeleniumLibrary">
<msg time="2024-10-21T20:16:33.794289" level="INFO">Typing text 'Admin' into text field 'xpath=//input[@name="username"]'.</msg>
<arg>${LOGIN_USERNAME_FIELD}</arg>
<arg>${username}</arg>
<doc>Types the given ``text`` into the text field identified by ``locator``.</doc>
<status status="PASS" start="2024-10-21T20:16:33.793291" elapsed="0.016606"/>
</kw>
<kw name="Input Text" owner="SeleniumLibrary">
<msg time="2024-10-21T20:16:33.810899" level="INFO">Typing text 'wrong' into text field 'xpath=//input[@name="password"]'.</msg>
<arg>${LOGIN_PASSWORD_FIELD}</arg>
<arg>${password}</arg>
<doc>Types the given ``text`` into the text field identified by ``locator``.</doc>
<status status="PASS" start="2024-10-21T20:16:33.810899" elapsed="0.008998"/>
</kw>
<arg>${credentials[0]}</arg>
<arg>${credentials[1]}</arg>
<status status="PASS" start="2024-10-21T20:16:33.793291" elapsed="0.026606"/>
</kw>
<kw name="Click &quot;Login&quot; button" owner="LoginPage">
<kw name="Click Button" owner="SeleniumLibrary">
<msg time="2024-10-21T20:16:33.819897" level="INFO">Clicking button 'xpath=//button[@type='submit']'.</msg>
<arg>${LOGIN_BUTTON}</arg>
<doc>Clicks the button identified by ``locator``.</doc>
<status status="PASS" start="2024-10-21T20:16:33.819897" elapsed="0.843558"/>
</kw>
<status status="PASS" start="2024-10-21T20:16:33.819897" elapsed="0.843558"/>
</kw>
<arg>${login_scenario}</arg>
<status status="PASS" start="2024-10-21T20:16:33.793291" elapsed="0.870164"/>
</kw>
<arg>LoginPage.Attempt login with current credentials</arg>
<arg>${login_scenario}</arg>
<doc>Runs the keyword and continues execution even if a failure occurs.</doc>
<status status="PASS" start="2024-10-21T20:16:33.793291" elapsed="0.870164"/>
</kw>
<kw name="Run Keyword And Continue On Failure" owner="BuiltIn">
<kw name="Verify login success" owner="LoginPage">
<kw name="Verify expected message appears" owner="LoginPage">
<kw name="Wait Until Page Contains Element" owner="SeleniumLibrary">
<arg>${locator}</arg>
<doc>Waits until the element ``locator`` appears on the current page.</doc>
<status status="PASS" start="2024-10-21T20:16:34.664456" elapsed="0.217613"/>
</kw>
<kw name="Get Text" owner="SeleniumLibrary">
<msg time="2024-10-21T20:16:34.889069" level="INFO">${message} = Invalid credentials</msg>
<var>${message}</var>
<arg>${locator}</arg>
<doc>Returns the text value of the element identified by ``locator``.</doc>
<status status="PASS" start="2024-10-21T20:16:34.882069" elapsed="0.007000"/>
</kw>
<kw name="Should Be Equal As Strings" owner="BuiltIn">
<arg>${message}</arg>
<arg>${expected_message}</arg>
<doc>Fails if objects are unequal after converting them to strings.</doc>
<status status="PASS" start="2024-10-21T20:16:34.889069" elapsed="0.001002"/>
</kw>
<arg>${credentials[2]}</arg>
<arg>${credentials[3]}</arg>
<status status="PASS" start="2024-10-21T20:16:34.664456" elapsed="0.225615"/>
</kw>
<arg>${login_scenario}</arg>
<status status="PASS" start="2024-10-21T20:16:34.663455" elapsed="0.226616"/>
</kw>
<arg>LoginPage.Verify login success</arg>
<arg>${login_scenario}</arg>
<doc>Runs the keyword and continues execution even if a failure occurs.</doc>
<status status="PASS" start="2024-10-21T20:16:34.663455" elapsed="0.226616"/>
</kw>
<kw name="End Test Case" owner="Common">
<kw name="Close Browser" owner="SeleniumLibrary">
<doc>Closes the current browser.</doc>
<status status="PASS" start="2024-10-21T20:16:34.890071" elapsed="2.803620"/>
</kw>
<status status="PASS" start="2024-10-21T20:16:34.890071" elapsed="2.803620"/>
</kw>
<var name="${login_scenario}">['Admin', 'wrong', "xpath=//div[1]/p[text()='Invalid credentials']", 'Invalid credentials']</var>
<status status="PASS" start="2024-10-21T20:16:25.724431" elapsed="11.969260"/>
</iter>
<iter>
<kw name="Begin Test Case" owner="Common">
<kw name="Navigate to" owner="LoginPage">
<kw name="Open Browser" owner="SeleniumLibrary">
<msg time="2024-10-21T20:16:37.694690" level="INFO">Opening browser 'firefox' to base url 'https://opensource-demo.orangehrmlive.com/web/index.php/auth/login'.</msg>
<arg>${LOGIN_URL}</arg>
<arg>${BROWSER}</arg>
<doc>Opens a new browser instance to the optional ``url``.</doc>
<status status="PASS" start="2024-10-21T20:16:37.694690" elapsed="7.405291"/>
</kw>
<kw name="Wait Until Page Contains Element" owner="SeleniumLibrary">
<arg>${LOGIN_PAGE_HEADER}</arg>
<doc>Waits until the element ``locator`` appears on the current page.</doc>
<status status="PASS" start="2024-10-21T20:16:45.099981" elapsed="0.243461"/>
</kw>
<status status="PASS" start="2024-10-21T20:16:37.694690" elapsed="7.649751"/>
</kw>
<kw name="Maximize Browser Window" owner="SeleniumLibrary">
<doc>Maximizes current browser window.</doc>
<status status="PASS" start="2024-10-21T20:16:45.344441" elapsed="0.287977"/>
</kw>
<status status="PASS" start="2024-10-21T20:16:37.693691" elapsed="7.939730"/>
</kw>
<kw name="Run Keyword And Continue On Failure" owner="BuiltIn">
<kw name="Attempt login with current credentials" owner="LoginPage">
<kw name="Fill in user credentials" owner="LoginPage">
<kw name="Input Text" owner="SeleniumLibrary">
<msg time="2024-10-21T20:16:45.634419" level="INFO">Typing text '' into text field 'xpath=//input[@name="username"]'.</msg>
<arg>${LOGIN_USERNAME_FIELD}</arg>
<arg>${username}</arg>
<doc>Types the given ``text`` into the text field identified by ``locator``.</doc>
<status status="PASS" start="2024-10-21T20:16:45.634419" elapsed="0.008001"/>
</kw>
<kw name="Input Text" owner="SeleniumLibrary">
<msg time="2024-10-21T20:16:45.643419" level="INFO">Typing text '' into text field 'xpath=//input[@name="password"]'.</msg>
<arg>${LOGIN_PASSWORD_FIELD}</arg>
<arg>${password}</arg>
<doc>Types the given ``text`` into the text field identified by ``locator``.</doc>
<status status="PASS" start="2024-10-21T20:16:45.643419" elapsed="0.006130"/>
</kw>
<arg>${credentials[0]}</arg>
<arg>${credentials[1]}</arg>
<status status="PASS" start="2024-10-21T20:16:45.633421" elapsed="0.016128"/>
</kw>
<kw name="Click &quot;Login&quot; button" owner="LoginPage">
<kw name="Click Button" owner="SeleniumLibrary">
<msg time="2024-10-21T20:16:45.650548" level="INFO">Clicking button 'xpath=//button[@type='submit']'.</msg>
<arg>${LOGIN_BUTTON}</arg>
<doc>Clicks the button identified by ``locator``.</doc>
<status status="PASS" start="2024-10-21T20:16:45.650548" elapsed="0.238324"/>
</kw>
<status status="PASS" start="2024-10-21T20:16:45.649549" elapsed="0.239323"/>
</kw>
<arg>${login_scenario}</arg>
<status status="PASS" start="2024-10-21T20:16:45.633421" elapsed="0.255451"/>
</kw>
<arg>LoginPage.Attempt login with current credentials</arg>
<arg>${login_scenario}</arg>
<doc>Runs the keyword and continues execution even if a failure occurs.</doc>
<status status="PASS" start="2024-10-21T20:16:45.633421" elapsed="0.255451"/>
</kw>
<kw name="Run Keyword And Continue On Failure" owner="BuiltIn">
<kw name="Verify login success" owner="LoginPage">
<kw name="Verify expected message appears" owner="LoginPage">
<kw name="Wait Until Page Contains Element" owner="SeleniumLibrary">
<arg>${locator}</arg>
<doc>Waits until the element ``locator`` appears on the current page.</doc>
<status status="PASS" start="2024-10-21T20:16:45.889871" elapsed="0.002508"/>
</kw>
<kw name="Get Text" owner="SeleniumLibrary">
<msg time="2024-10-21T20:16:45.899217" level="INFO">${message} = Required</msg>
<var>${message}</var>
<arg>${locator}</arg>
<doc>Returns the text value of the element identified by ``locator``.</doc>
<status status="PASS" start="2024-10-21T20:16:45.892379" elapsed="0.006838"/>
</kw>
<kw name="Should Be Equal As Strings" owner="BuiltIn">
<arg>${message}</arg>
<arg>${expected_message}</arg>
<doc>Fails if objects are unequal after converting them to strings.</doc>
<status status="PASS" start="2024-10-21T20:16:45.899217" elapsed="0.000000"/>
</kw>
<arg>${credentials[2]}</arg>
<arg>${credentials[3]}</arg>
<status status="PASS" start="2024-10-21T20:16:45.889871" elapsed="0.009346"/>
</kw>
<arg>${login_scenario}</arg>
<status status="PASS" start="2024-10-21T20:16:45.889871" elapsed="0.009346"/>
</kw>
<arg>LoginPage.Verify login success</arg>
<arg>${login_scenario}</arg>
<doc>Runs the keyword and continues execution even if a failure occurs.</doc>
<status status="PASS" start="2024-10-21T20:16:45.888872" elapsed="0.010345"/>
</kw>
<kw name="End Test Case" owner="Common">
<kw name="Close Browser" owner="SeleniumLibrary">
<doc>Closes the current browser.</doc>
<status status="PASS" start="2024-10-21T20:16:45.900222" elapsed="2.547761"/>
</kw>
<status status="PASS" start="2024-10-21T20:16:45.899217" elapsed="2.548766"/>
</kw>
<var name="${login_scenario}">['', '', "xpath=//div[1]/div/span[text()='Required']", 'Required']</var>
<status status="PASS" start="2024-10-21T20:16:37.693691" elapsed="10.754292"/>
</iter>
<iter>
<kw name="Begin Test Case" owner="Common">
<kw name="Navigate to" owner="LoginPage">
<kw name="Open Browser" owner="SeleniumLibrary">
<msg time="2024-10-21T20:16:48.448982" level="INFO">Opening browser 'firefox' to base url 'https://opensource-demo.orangehrmlive.com/web/index.php/auth/login'.</msg>
<arg>${LOGIN_URL}</arg>
<arg>${BROWSER}</arg>
<doc>Opens a new browser instance to the optional ``url``.</doc>
<status status="PASS" start="2024-10-21T20:16:48.448982" elapsed="7.582749"/>
</kw>
<kw name="Wait Until Page Contains Element" owner="SeleniumLibrary">
<arg>${LOGIN_PAGE_HEADER}</arg>
<doc>Waits until the element ``locator`` appears on the current page.</doc>
<status status="PASS" start="2024-10-21T20:16:56.031731" elapsed="0.265104"/>
</kw>
<status status="PASS" start="2024-10-21T20:16:48.448982" elapsed="7.847853"/>
</kw>
<kw name="Maximize Browser Window" owner="SeleniumLibrary">
<doc>Maximizes current browser window.</doc>
<status status="PASS" start="2024-10-21T20:16:56.296835" elapsed="0.280498"/>
</kw>
<status status="PASS" start="2024-10-21T20:16:48.447983" elapsed="8.129350"/>
</kw>
<kw name="Run Keyword And Continue On Failure" owner="BuiltIn">
<kw name="Attempt login with current credentials" owner="LoginPage">
<kw name="Fill in user credentials" owner="LoginPage">
<kw name="Input Text" owner="SeleniumLibrary">
<msg time="2024-10-21T20:16:56.579331" level="INFO">Typing text 'Admin' into text field 'xpath=//input[@name="username"]'.</msg>
<arg>${LOGIN_USERNAME_FIELD}</arg>
<arg>${username}</arg>
<doc>Types the given ``text`` into the text field identified by ``locator``.</doc>
<status status="PASS" start="2024-10-21T20:16:56.579331" elapsed="0.016007"/>
</kw>
<kw name="Input Text" owner="SeleniumLibrary">
<msg time="2024-10-21T20:16:56.595338" level="INFO">Typing text 'admin123' into text field 'xpath=//input[@name="password"]'.</msg>
<arg>${LOGIN_PASSWORD_FIELD}</arg>
<arg>${password}</arg>
<doc>Types the given ``text`` into the text field identified by ``locator``.</doc>
<status status="PASS" start="2024-10-21T20:16:56.595338" elapsed="0.011144"/>
</kw>
<arg>${credentials[0]}</arg>
<arg>${credentials[1]}</arg>
<status status="PASS" start="2024-10-21T20:16:56.578334" elapsed="0.028148"/>
</kw>
<kw name="Click &quot;Login&quot; button" owner="LoginPage">
<kw name="Click Button" owner="SeleniumLibrary">
<msg time="2024-10-21T20:16:56.607481" level="INFO">Clicking button 'xpath=//button[@type='submit']'.</msg>
<arg>${LOGIN_BUTTON}</arg>
<doc>Clicks the button identified by ``locator``.</doc>
<status status="PASS" start="2024-10-21T20:16:56.606482" elapsed="0.886173"/>
</kw>
<status status="PASS" start="2024-10-21T20:16:56.606482" elapsed="0.886173"/>
</kw>
<arg>${login_scenario}</arg>
<status status="PASS" start="2024-10-21T20:16:56.578334" elapsed="0.914321"/>
</kw>
<arg>LoginPage.Attempt login with current credentials</arg>
<arg>${login_scenario}</arg>
<doc>Runs the keyword and continues execution even if a failure occurs.</doc>
<status status="PASS" start="2024-10-21T20:16:56.578334" elapsed="0.914321"/>
</kw>
<kw name="Run Keyword And Continue On Failure" owner="BuiltIn">
<kw name="Verify login success" owner="LoginPage">
<kw name="Verify expected message appears" owner="LoginPage">
<kw name="Wait Until Page Contains Element" owner="SeleniumLibrary">
<arg>${locator}</arg>
<doc>Waits until the element ``locator`` appears on the current page.</doc>
<status status="PASS" start="2024-10-21T20:16:57.493654" elapsed="0.246876"/>
</kw>
<kw name="Get Text" owner="SeleniumLibrary">
<msg time="2024-10-21T20:16:57.748529" level="INFO">${message} = Dashboard</msg>
<var>${message}</var>
<arg>${locator}</arg>
<doc>Returns the text value of the element identified by ``locator``.</doc>
<status status="PASS" start="2024-10-21T20:16:57.740530" elapsed="0.007999"/>
</kw>
<kw name="Should Be Equal As Strings" owner="BuiltIn">
<arg>${message}</arg>
<arg>${expected_message}</arg>
<doc>Fails if objects are unequal after converting them to strings.</doc>
<status status="PASS" start="2024-10-21T20:16:57.748529" elapsed="0.000000"/>
</kw>
<arg>${credentials[2]}</arg>
<arg>${credentials[3]}</arg>
<status status="PASS" start="2024-10-21T20:16:57.492655" elapsed="0.255874"/>
</kw>
<arg>${login_scenario}</arg>
<status status="PASS" start="2024-10-21T20:16:57.492655" elapsed="0.255874"/>
</kw>
<arg>LoginPage.Verify login success</arg>
<arg>${login_scenario}</arg>
<doc>Runs the keyword and continues execution even if a failure occurs.</doc>
<status status="PASS" start="2024-10-21T20:16:57.492655" elapsed="0.255874"/>
</kw>
<kw name="End Test Case" owner="Common">
<kw name="Close Browser" owner="SeleniumLibrary">
<doc>Closes the current browser.</doc>
<status status="PASS" start="2024-10-21T20:16:57.748529" elapsed="2.914498"/>
</kw>
<status status="PASS" start="2024-10-21T20:16:57.748529" elapsed="2.914498"/>
</kw>
<var name="${login_scenario}">['Admin', 'admin123', "xpath=//h6[text()='Dashboard']", 'Dashboard']</var>
<status status="PASS" start="2024-10-21T20:16:48.447983" elapsed="12.215044"/>
</iter>
<var>${login_scenario}</var>
<value>@{Login_Scenarios}</value>
<status status="PASS" start="2024-10-21T20:16:12.360295" elapsed="48.302732"/>
</for>
<arg>${LoginScenarios}</arg>
<status status="PASS" start="2024-10-21T20:16:12.360295" elapsed="48.302732"/>
</kw>
<status status="PASS" start="2024-10-21T20:16:12.358297" elapsed="48.304730"/>
</test>
<kw name="End Web Test" owner="Common" type="TEARDOWN">
<kw name="Close All Browsers" owner="SeleniumLibrary">
<doc>Closes all open browsers and resets the browser cache.</doc>
<status status="PASS" start="2024-10-21T20:17:00.664029" elapsed="0.000000"/>
</kw>
<status status="PASS" start="2024-10-21T20:17:00.664029" elapsed="0.000000"/>
</kw>
<doc>Demonstrate benefit of data-driven testing</doc>
<status status="PASS" start="2024-10-21T20:16:08.384754" elapsed="52.279275"/>
</suite>
<statistics>
<total>
<stat pass="1" fail="0" skip="0">All Tests</stat>
</total>
<tag>
</tag>
<suite>
<stat pass="1" fail="0" skip="0" id="s1" name="Login">Login</stat>
</suite>
</statistics>
<errors>
<msg time="2024-10-21T20:16:08.403785" level="ERROR">Error in file 'C:\Users\mraut\OneDrive\Documents\RobotFramework-DemoTests\AutomatedTests4ECommerce\DataDrivenLogin\CSV_Method\Tests\Login.robot' on line 3: Invalid resource file extension '.csv'. Supported extensions are '.json', '.resource', '.rest', '.robot', '.rsrc', '.rst', '.tsv' and '.txt'.</msg>
</errors>
</robot>
